2026-01-07 01:43:09 - RueAI.data.loader - INFO - Fast-forwarding state from 0 to 1765238407999 (start of 20251209_metrics-10s.csv)
2026-01-07 01:43:09 - RueAI.data.loader - INFO - Fast-forwarding state from 0 to 1765238407999 (start of 20251209_metrics-30s.csv)
2026-01-07 01:43:09 - RueAI.core.service - INFO - Starting RueAI Anomaly Detection Service...
2026-01-07 01:43:09 - RueAI.core.service - INFO - Scheduled jobs for interval: 10s
2026-01-07 01:43:09 - RueAI.core.service - INFO - Scheduled jobs for interval: 30s
2026-01-07 01:43:09 - RueAI.core.service - INFO - Scheduled jobs for interval: 5s
2026-01-07 01:43:09 - RueAI.core.service - INFO - Scheduler started. Monitoring 3 intervals.
2026-01-07 01:43:09 - RueAI.core.service - INFO - [10s] Triggering initial training
2026-01-07 01:43:09 - RueAI.core.pipeline - INFO - [10s] Starting pipeline training...
2026-01-07 01:43:09 - RueAI.core.service - INFO - [30s] Triggering initial training
2026-01-07 01:43:09 - RueAI.core.service - INFO - [5s] Triggering initial training
2026-01-07 01:43:09 - RueAI.core.pipeline - INFO - [30s] Starting pipeline training...
2026-01-07 01:43:09 - RueAI.core.pipeline - INFO - [5s] Starting pipeline training...
2026-01-07 01:43:09 - RueAI.data.loader - WARNING - 20251209_metrics-30s.csv: High data loss (40.9%). Expected ~2880, got 1702
2026-01-07 01:43:09 - RueAI.core.pipeline - ERROR - [30s] Insufficient data for operation
2026-01-07 01:43:09 - RueAI.data.loader - WARNING - 20251209_metrics-5s.csv: High data loss (40.9%). Expected ~17280, got 10212
2026-01-07 01:43:09 - RueAI.core.pipeline - ERROR - [5s] Insufficient data for operation
2026-01-07 01:43:09 - RueAI.data.loader - WARNING - 20251209_metrics-10s.csv: High data loss (40.9%). Expected ~8640, got 5106
2026-01-07 01:43:09 - RueAI.core.pipeline - ERROR - [10s] Insufficient data for operation
2026-01-07 01:45:08 - RueAI.main - INFO - Received SIGINT. Stopping...
2026-01-07 01:45:08 - RueAI.core.service - INFO - Stopping services...
2026-01-07 01:45:08 - RueAI.core.service - INFO - Service stopped gracefully
2026-01-07 01:45:31 - RueAI.data.loader - INFO - Fast-forwarding state from 0 to 1765238407999 (start of 20251209_metrics-10s.csv)
2026-01-07 01:45:31 - RueAI.data.loader - INFO - Fast-forwarding state from 0 to 1765238407999 (start of 20251209_metrics-30s.csv)
2026-01-07 01:45:31 - RueAI.data.loader - INFO - Fast-forwarding state from 0 to 1765238402999 (start of 20251209_metrics-5s.csv)
2026-01-07 01:45:31 - RueAI.core.service - INFO - Starting RueAI Anomaly Detection Service...
2026-01-07 01:45:31 - RueAI.core.service - INFO - Scheduled jobs for interval: 10s
2026-01-07 01:45:31 - RueAI.core.service - INFO - Scheduled jobs for interval: 30s
2026-01-07 01:45:31 - RueAI.core.service - INFO - Scheduled jobs for interval: 5s
2026-01-07 01:45:31 - RueAI.core.service - INFO - Scheduler started. Monitoring 3 intervals.
2026-01-07 01:45:31 - RueAI.core.service - INFO - [10s] Triggering initial training
2026-01-07 01:45:31 - RueAI.core.pipeline - INFO - [10s] Starting pipeline training...
2026-01-07 01:45:31 - RueAI.core.service - INFO - [30s] Triggering initial training
2026-01-07 01:45:31 - RueAI.core.service - INFO - [5s] Triggering initial training
2026-01-07 01:45:31 - RueAI.core.pipeline - INFO - [30s] Starting pipeline training...
2026-01-07 01:45:31 - RueAI.core.pipeline - INFO - [5s] Starting pipeline training...
2026-01-07 01:45:31 - RueAI.data.loader - WARNING - 20251209_metrics-30s.csv: High data loss (40.9%). Expected ~2880, got 1702
2026-01-07 01:45:31 - RueAI.core.pipeline - ERROR - [30s] Insufficient data for operation
2026-01-07 01:45:31 - RueAI.data.loader - WARNING - 20251209_metrics-5s.csv: High data loss (40.9%). Expected ~17280, got 10212
2026-01-07 01:45:31 - RueAI.core.pipeline - ERROR - [5s] Insufficient data for operation
2026-01-07 01:45:32 - RueAI.data.loader - WARNING - 20251209_metrics-10s.csv: High data loss (40.9%). Expected ~8640, got 5106
2026-01-07 01:45:32 - RueAI.core.pipeline - ERROR - [10s] Insufficient data for operation
2026-01-07 01:52:58 - RueAI.main - INFO - Received SIGINT. Stopping...
2026-01-07 01:52:58 - RueAI.core.service - INFO - Stopping services...
2026-01-07 01:52:58 - RueAI.core.service - INFO - Service stopped gracefully
2026-01-07 01:53:30 - RueAI.core.service - INFO - Starting RueAI Anomaly Detection Service...
2026-01-07 01:53:30 - RueAI.core.service - INFO - Scheduled jobs for interval: 10s
2026-01-07 01:53:30 - RueAI.core.service - INFO - Scheduled jobs for interval: 30s
2026-01-07 01:53:30 - RueAI.core.service - INFO - Scheduled jobs for interval: 5s
2026-01-07 01:53:30 - RueAI.core.service - INFO - Scheduler started. Monitoring 3 intervals.
2026-01-07 01:53:30 - RueAI.core.service - INFO - [10s] Triggering initial training
2026-01-07 01:53:30 - RueAI.core.pipeline - INFO - [10s] Starting pipeline training...
2026-01-07 01:53:30 - RueAI.core.service - INFO - [30s] Triggering initial training
2026-01-07 01:53:30 - RueAI.core.service - INFO - [5s] Triggering initial training
2026-01-07 01:53:30 - RueAI.core.pipeline - INFO - [30s] Starting pipeline training...
2026-01-07 01:53:30 - RueAI.core.pipeline - INFO - [5s] Starting pipeline training...
2026-01-07 01:53:30 - RueAI.data.loader - INFO - Loaded 3 files for training (required: 3)
2026-01-07 01:53:30 - RueAI.data.loader - INFO - Loaded 3 files for training (required: 3)
2026-01-07 01:53:30 - RueAI.data.loader - INFO - Loaded 3 files for training (required: 3)
2026-01-07 01:53:33 - RueAI.models.usad - INFO - Training USAD model USAD_30s...
2026-01-07 01:53:33 - RueAI.models.usad - INFO - Training USAD model USAD_5s...
2026-01-07 01:53:38 - RueAI.models.usad - INFO - Training USAD model USAD_10s...
2026-01-07 01:53:41 - RueAI.models.usad - INFO - Epoch [5/10], Loss1: 0.4436, Loss2: -0.3045
2026-01-07 01:53:43 - RueAI.models.usad - INFO - Epoch [5/10], Loss1: 0.9311, Loss2: -0.6560
2026-01-07 01:53:44 - RueAI.models.usad - INFO - Epoch [10/10], Loss1: 0.4625, Loss2: -0.3894
2026-01-07 01:53:44 - RueAI.models.usad - INFO - Computing feature error statistics for USAD_30s...
2026-01-07 01:53:44 - RueAI.models.usad - INFO - USAD feature stats computed for 11 features.
2026-01-07 01:53:44 - RueAI.models.lstm - INFO - Training LSTM model LSTM_30s...
2026-01-07 01:53:50 - RueAI.models.usad - INFO - Epoch [10/10], Loss1: 0.9696, Loss2: -0.8298
2026-01-07 01:53:50 - RueAI.models.usad - INFO - Computing feature error statistics for USAD_5s...
2026-01-07 01:53:50 - RueAI.models.usad - INFO - USAD feature stats computed for 4 features.
2026-01-07 01:53:50 - RueAI.models.lstm - INFO - Training LSTM model LSTM_5s...
2026-01-07 01:53:51 - RueAI.models.lstm - INFO - LSTM Epoch [5/10], Loss: 0.0703
2026-01-07 01:53:58 - RueAI.models.lstm - INFO - LSTM Epoch [10/10], Loss: 0.0642
2026-01-07 01:53:58 - RueAI.models.lstm - INFO - Computing feature error statistics for LSTM_30s...
2026-01-07 01:53:59 - RueAI.models.lstm - INFO - LSTM feature stats computed.
2026-01-07 01:54:00 - RueAI.models.sr - INFO - Training SR model SR_30s (learning stats)...
2026-01-07 01:54:00 - RueAI.models.sr - INFO - SR stats learned for 11 features.
2026-01-07 01:54:01 - RueAI.utils.thresholding - INFO - POT Threshold calculated: 7.195184 (Initial t: 1.818617, Peaks: 172, Shape: 0.5687, Scale: 0.1577)
2026-01-07 01:54:01 - RueAI.core.pipeline - INFO - [30s] Pipeline training completed
2026-01-07 01:54:26 - RueAI.models.lstm - INFO - LSTM Epoch [5/10], Loss: 0.4214
2026-01-07 01:55:00 - RueAI.models.lstm - INFO - LSTM Epoch [10/10], Loss: 0.4182
2026-01-07 01:55:00 - RueAI.models.lstm - INFO - Computing feature error statistics for LSTM_5s...
2026-01-07 01:55:04 - RueAI.models.lstm - INFO - LSTM feature stats computed.
2026-01-07 01:55:07 - RueAI.models.sr - INFO - Training SR model SR_5s (learning stats)...
2026-01-07 01:55:08 - RueAI.models.sr - INFO - SR stats learned for 4 features.
2026-01-07 01:55:14 - RueAI.utils.thresholding - INFO - POT Threshold calculated: 8.713706 (Initial t: 1.546916, Peaks: 1036, Shape: -0.5097, Scale: 3.9156)
2026-01-07 01:55:14 - RueAI.core.pipeline - INFO - [5s] Pipeline training completed
2026-01-07 01:56:54 - RueAI.main - INFO - Received SIGINT. Stopping...
2026-01-07 01:56:54 - RueAI.core.service - INFO - Stopping services...
2026-01-07 01:56:54 - RueAI.core.service - INFO - Service stopped gracefully
2026-01-07 01:57:01 - RueAI.main - INFO - Received SIGINT. Stopping...
2026-01-07 01:57:01 - RueAI.core.service - INFO - Stopping services...
2026-01-07 01:57:01 - RueAI.core.service - INFO - Service stopped gracefully
2026-01-07 01:57:01 - RueAI.main - INFO - Received SIGINT. Stopping...
2026-01-07 01:57:01 - RueAI.core.service - INFO - Stopping services...
2026-01-07 01:57:01 - RueAI.core.service - INFO - Service stopped gracefully
2026-01-07 01:57:02 - RueAI.main - INFO - Received SIGINT. Stopping...
2026-01-07 01:57:02 - RueAI.core.service - INFO - Stopping services...
2026-01-07 01:57:02 - RueAI.core.service - INFO - Service stopped gracefully
2026-01-07 01:57:02 - RueAI.main - INFO - Received SIGINT. Stopping...
2026-01-07 01:57:02 - RueAI.core.service - INFO - Stopping services...
2026-01-07 01:57:02 - RueAI.core.service - INFO - Service stopped gracefully
