2025-12-17 14:34:22,269 - spectrum.main - INFO - Triggering manual detection for interval: 5s
2025-12-17 14:34:22,269 - spectrum.core.manager - INFO - Auto-inferred sampling intervals: ['10s', '30s', '5s']
2025-12-17 14:34:22,269 - spectrum.core.manager - INFO - Running detection for interval 5s...
2025-12-17 14:36:41,315 - spectrum.main - INFO - Triggering manual detection for interval: 5s
2025-12-17 14:36:41,316 - spectrum.core.manager - INFO - Auto-inferred sampling intervals: ['10s', '30s', '5s']
2025-12-17 14:36:41,316 - spectrum.core.manager - INFO - Running detection for interval 5s...
2025-12-17 14:39:13,095 - spectrum.main - INFO - Triggering manual training for interval: 5s
2025-12-17 14:39:13,095 - spectrum.core.manager - INFO - Auto-inferred sampling intervals: ['10s', '30s', '5s']
2025-12-17 14:39:13,095 - spectrum.core.manager - INFO - Checking training requirements for interval 5s...
2025-12-17 14:39:13,158 - spectrum.data.loader - WARNING - File 20251209_metrics-5s.csv non-compliant (Full Day): 40.90% data loss (Actual: 10212, Expected: 17280). Discarding.
2025-12-17 14:39:13,158 - spectrum.data.loader - INFO - Found 6 compliant files for training (Required: 3).
2025-12-17 14:39:13,159 - spectrum.core.manager - INFO - Preprocessing data for 5s...
2025-12-17 14:39:13,639 - spectrum.models.usad - INFO - Training USAD model USAD_5s...
2025-12-17 14:39:23,059 - spectrum.models.usad - INFO - Epoch [5/10], Loss1: 0.7914, Loss2: -0.5125
2025-12-17 14:39:32,369 - spectrum.models.usad - INFO - Epoch [10/10], Loss1: 0.7861, Loss2: -0.6484
2025-12-17 14:39:32,369 - spectrum.models.usad - INFO - Computing feature error statistics for USAD_5s...
2025-12-17 14:39:32,777 - spectrum.models.usad - INFO - USAD feature stats computed for 4 features.
2025-12-17 14:39:33,187 - spectrum.models.ensemble - INFO - Model USAD_5s score stats - Mean: 0.7394, Std: 2.5586
2025-12-17 14:39:33,188 - spectrum.models.lstm - INFO - Training LSTM model LSTM_5s...
2025-12-17 14:40:42,099 - spectrum.models.lstm - INFO - LSTM Epoch [5/10], Loss: 0.4192
2025-12-17 14:41:51,967 - spectrum.models.lstm - INFO - LSTM Epoch [10/10], Loss: 0.4175
2025-12-17 14:41:51,968 - spectrum.models.lstm - INFO - Computing feature error statistics for LSTM_5s...
2025-12-17 14:41:59,928 - spectrum.models.lstm - INFO - LSTM feature stats computed.
2025-12-17 14:42:07,708 - spectrum.models.ensemble - INFO - Model LSTM_5s score stats - Mean: 0.4175, Std: 2.5073
2025-12-17 14:42:07,708 - spectrum.models.sr - INFO - Training SR model SR_5s (learning stats)...
2025-12-17 14:42:08,327 - spectrum.models.sr - INFO - SR stats learned for 4 features.
2025-12-17 14:42:08,937 - spectrum.models.ensemble - INFO - Model SR_5s score stats - Mean: 0.0000, Std: 0.5448
2025-12-17 14:42:08,944 - spectrum.core.manager - INFO - Calculating dynamic threshold (POT) for 5s...
2025-12-17 14:42:17,710 - spectrum.utils.thresholding - INFO - POT Threshold calculated: 14.369739 (Initial t: 1.637396, Peaks: 2073, Shape: -0.0360, Scale: 2.6394)
2025-12-17 14:42:17,710 - spectrum.core.manager - INFO - Training completed for 5s
2025-12-17 14:42:32,026 - spectrum.main - INFO - Triggering manual detection for interval: 5s
2025-12-17 14:42:32,026 - spectrum.core.manager - INFO - Auto-inferred sampling intervals: ['10s', '30s', '5s']
2025-12-17 14:42:32,026 - spectrum.core.manager - INFO - Running detection for interval 5s...
